<?xml version="1.0" encoding="UTF-8"?>
<!-- Generated by org.testng.reporters.JUnitXMLReporter -->
<testsuite hostname="DESKTOP-E2RVPM6" name="login" tests="1" failures="0" timestamp="28 Jun 2016 09:48:26 GMT" time="0.078" errors="0">
  <testcase name="@BeforeTest beforeTest" time="0.0" classname="com.youxue.test.LoginTest">
    <failure type="java.lang.NoClassDefFoundError" message="org/apache/commons/validator/routines/InetAddressValidator">
      <![CDATA[java.lang.NoClassDefFoundError: org/apache/commons/validator/routines/InetAddressValidator
	at io.appium.java_client.service.local.AppiumServiceBuilder.createArgs(AppiumServiceBuilder.java:394)
	at org.openqa.selenium.remote.service.DriverService$Builder.build(DriverService.java:299)
	at io.appium.java_client.service.local.AppiumDriverLocalService.buildService(AppiumDriverLocalService.java:74)
	at com.youxue.test.LoginTest.beforeTest(LoginTest.java:27)
Caused by: java.lang.ClassNotFoundException: org.apache.commons.validator.routines.InetAddressValidator
	at java.net.URLClassLoader.findClass(Unknown Source)
	at java.lang.ClassLoader.loadClass(Unknown Source)
	at sun.misc.Launcher$AppClassLoader.loadClass(Unknown Source)
	at java.lang.ClassLoader.loadClass(Unknown Source)
	... 26 more
... Removed 22 stack frames]]>
    </failure>
  </testcase> <!-- @BeforeTest beforeTest -->
  <testcase name="@AfterTest afterTest" time="0.0" classname="com.youxue.test.LoginTest">
    <skipped/>
  </testcase> <!-- @AfterTest afterTest -->
  <testcase name="loginYXViaWebDriver" time="0.002" classname="com.youxue.test.LoginTest">
    <skipped/>
  </testcase> <!-- loginYXViaWebDriver -->
</testsuite> <!-- login -->
