<?xml version="1.0" encoding="UTF-8"?>
<!-- Generated by org.testng.reporters.JUnitXMLReporter -->
<testsuite hostname="DESKTOP-E2RVPM6" name="loginYXViaWebDriver" tests="1" failures="0" timestamp="15 Aug 2016 01:32:37 GMT" time="13.772" errors="0">
  <testcase name="@BeforeTest beforeTest" time="0.0" classname="com.youxue.test.LoginTest">
    <failure type="org.openqa.selenium.SessionNotCreatedException" message="A new session could not be created. (Original error: Command failed: C:\Windows\system32\cmd.exe /s /c &amp;quot;E:\android-sdk-windows\platform-tools\adb.exe -s 192.168.230.102:5555 forward tcp:4724 tcp:4724&amp;quot;
error: cannot bind listener: cannot bind to 127.0.0.1:4724: 通常每个套接字地址(协议/网络地址/端口)只允许使用一次。 (10048)
) (WARNING: The server did not provide any stacktrace information)
Command duration or timeout: 10.13 seconds
Build info: version: &amp;apos;2.53.0&amp;apos;, revision: &amp;apos;35ae25b&amp;apos;, time: &amp;apos;2016-03-15 16:57:40&amp;apos;
System info: host: &amp;apos;DESKTOP-E2RVPM6&amp;apos;, ip: &amp;apos;192.168.197.1&amp;apos;, os.name: &amp;apos;Windows 10&amp;apos;, os.arch: &amp;apos;amd64&amp;apos;, os.version: &amp;apos;10.0&amp;apos;, java.version: &amp;apos;1.8.0_77&amp;apos;
Driver info: io.appium.java_client.android.AndroidDriver">
      <![CDATA[org.openqa.selenium.SessionNotCreatedException: A new session could not be created. (Original error: Command failed: C:\Windows\system32\cmd.exe /s /c "E:\android-sdk-windows\platform-tools\adb.exe -s 192.168.230.102:5555 forward tcp:4724 tcp:4724"
error: cannot bind listener: cannot bind to 127.0.0.1:4724: 通常每个套接字地址(协议/网络地址/端口)只允许使用一次。 (10048)
) (WARNING: The server did not provide any stacktrace information)
Command duration or timeout: 10.13 seconds
Build info: version: '2.53.0', revision: '35ae25b', time: '2016-03-15 16:57:40'
System info: host: 'DESKTOP-E2RVPM6', ip: '192.168.197.1', os.name: 'Windows 10', os.arch: 'amd64', os.version: '10.0', java.version: '1.8.0_77'
Driver info: io.appium.java_client.android.AndroidDriver
	at org.openqa.selenium.remote.ErrorHandler.createThrowable(ErrorHandler.java:206)
	at org.openqa.selenium.remote.ErrorHandler.throwIfResponseFailed(ErrorHandler.java:158)
	at org.openqa.selenium.remote.RemoteWebDriver.execute(RemoteWebDriver.java:678)
	at io.appium.java_client.DefaultGenericMobileDriver.execute(DefaultGenericMobileDriver.java:51)
	at io.appium.java_client.AppiumDriver.execute(AppiumDriver.java:1)
	at io.appium.java_client.android.AndroidDriver.execute(AndroidDriver.java:1)
	at org.openqa.selenium.remote.RemoteWebDriver.startSession(RemoteWebDriver.java:249)
	at org.openqa.selenium.remote.RemoteWebDriver.<init>(RemoteWebDriver.java:131)
	at org.openqa.selenium.remote.RemoteWebDriver.<init>(RemoteWebDriver.java:144)
	at io.appium.java_client.DefaultGenericMobileDriver.<init>(DefaultGenericMobileDriver.java:47)
	at io.appium.java_client.AppiumDriver.<init>(AppiumDriver.java:114)
	at io.appium.java_client.AppiumDriver.<init>(AppiumDriver.java:132)
	at io.appium.java_client.android.AndroidDriver.<init>(AndroidDriver.java:97)
	at com.youxue.util.AppiumDriverGenerator.createAPPdriver(AppiumDriverGenerator.java:39)
	at com.youxue.test.LoginTest.beforeTest(LoginTest.java:39)
... Removed 28 stack frames]]>
    </failure>
  </testcase> <!-- @BeforeTest beforeTest -->
  <testcase name="@AfterTest afterTest" time="0.0" classname="com.youxue.test.LoginTest">
    <skipped/>
  </testcase> <!-- @AfterTest afterTest -->
  <testcase name="loginYXViaWebDriver" time="0.001" classname="com.youxue.test.LoginTest">
    <skipped/>
  </testcase> <!-- loginYXViaWebDriver -->
</testsuite> <!-- loginYXViaWebDriver -->
