<?xml version="1.0" encoding="UTF-8"?>
<testng-results skipped="0" failed="1" total="1" passed="0">
  <reporter-output>
  </reporter-output>
  <suite name="huawei_suites" duration-ms="0" started-at="2016-11-28T03:41:44Z" finished-at="2016-11-28T03:41:44Z">
    <groups>
    </groups>
  </suite> <!-- huawei_suites -->
  <suite name="login_suite" duration-ms="58263" started-at="2016-11-28T03:40:45Z" finished-at="2016-11-28T03:41:44Z">
    <groups>
    </groups>
    <test name="loginYXViaWebDriver" duration-ms="58263" started-at="2016-11-28T03:40:45Z" finished-at="2016-11-28T03:41:44Z">
      <class name="com.youxue.test.LoginTest">
        <test-method status="PASS" signature="beforeSuite()[pri:0, instance:com.youxue.test.LoginTest@49b0b76]" name="beforeSuite" is-config="true" duration-ms="89" started-at="2016-11-28T11:40:45Z" finished-at="2016-11-28T11:40:45Z">
          <reporter-output>
          </reporter-output>
        </test-method> <!-- beforeSuite -->
        <test-method status="PASS" signature="beforeTest(java.lang.String, java.lang.String, java.lang.String)[pri:0, instance:com.youxue.test.LoginTest@49b0b76]" name="beforeTest" is-config="true" duration-ms="33803" started-at="2016-11-28T11:40:45Z" finished-at="2016-11-28T11:41:19Z">
          <params>
            <param index="0">
              <value>
                <![CDATA[./properties/huawei.properties]]>
              </value>
            </param>
            <param index="1">
              <value>
                <![CDATA[127.0.0.1]]>
              </value>
            </param>
            <param index="2">
              <value>
                <![CDATA[4725]]>
              </value>
            </param>
          </params>
          <reporter-output>
          </reporter-output>
        </test-method> <!-- beforeTest -->
        <test-method status="FAIL" signature="loginYXViaWebDriver(java.lang.String, java.lang.String)[pri:0, instance:com.youxue.test.LoginTest@49b0b76]" name="loginYXViaWebDriver" duration-ms="22722" started-at="2016-11-28T11:41:19Z" finished-at="2016-11-28T11:41:42Z">
          <params>
            <param index="0">
              <value>
                <![CDATA[s-daida-00001]]>
              </value>
            </param>
            <param index="1">
              <value>
                <![CDATA[123456]]>
              </value>
            </param>
          </params>
          <exception class="org.openqa.selenium.NoSuchElementException">
            <message>
              <![CDATA[no such element: Unable to locate element: {"method":"xpath","selector":"//div[@class='main']/span[@class='title']"}
  (Session info: webview=33.0.0.0)
  (Driver info: chromedriver=2.18.343845 (73dd713ba7fbfb73cbb514e62641d8c96a94682a),platform=Windows NT 10.0 x86_64) (WARNING: The server did not provide any stacktrace information)
Command duration or timeout: 41 milliseconds
For documentation on this error, please visit: http://seleniumhq.org/exceptions/no_such_element.html
Build info: version: '2.53.0', revision: '35ae25b', time: '2016-03-15 16:57:40'
System info: host: 'DESKTOP-E2RVPM6', ip: '192.168.22.100', os.name: 'Windows 10', os.arch: 'amd64', os.version: '10.0', java.version: '1.8.0_77'
Driver info: io.appium.java_client.android.AndroidDriver
Capabilities [{appPackage=org.yoya.com.yoyaorg, networkConnectionEnabled=true, noReset=false, warnings={}, databaseEnabled=false, deviceName=192.168.230.101:5555, platform=LINUX, appActivity=.activity.MainActivity, desired={appPackage=org.yoya.com.yoyaorg, appActivity=.activity.MainActivity, noReset=false, newCommandTimeout=600, platformVersion=4.4, unicodeKeyboard=true, udid=192.168.230.101:5555, platformName=Android, deviceName=Android Emulator, resetKeyboard=true}, newCommandTimeout=600, platformVersion=4.4.4, webStorageEnabled=false, locationContextEnabled=false, browserName=Android, takesScreenshot=true, javascriptEnabled=true, unicodeKeyboard=true, udid=192.168.230.101:5555, platformName=Android, resetKeyboard=true}]
Session ID: 4bc59ec8-8c94-4f47-b3e6-dfdae689bb23
*** Element info: {Using=xpath, value=//div[@class='main']/span[@class='title']}]]>
            </message>
            <full-stacktrace>
              <![CDATA[org.openqa.selenium.NoSuchElementException: no such element: Unable to locate element: {"method":"xpath","selector":"//div[@class='main']/span[@class='title']"}
  (Session info: webview=33.0.0.0)
  (Driver info: chromedriver=2.18.343845 (73dd713ba7fbfb73cbb514e62641d8c96a94682a),platform=Windows NT 10.0 x86_64) (WARNING: The server did not provide any stacktrace information)
Command duration or timeout: 41 milliseconds
For documentation on this error, please visit: http://seleniumhq.org/exceptions/no_such_element.html
Build info: version: '2.53.0', revision: '35ae25b', time: '2016-03-15 16:57:40'
System info: host: 'DESKTOP-E2RVPM6', ip: '192.168.22.100', os.name: 'Windows 10', os.arch: 'amd64', os.version: '10.0', java.version: '1.8.0_77'
Driver info: io.appium.java_client.android.AndroidDriver
Capabilities [{appPackage=org.yoya.com.yoyaorg, networkConnectionEnabled=true, noReset=false, warnings={}, databaseEnabled=false, deviceName=192.168.230.101:5555, platform=LINUX, appActivity=.activity.MainActivity, desired={appPackage=org.yoya.com.yoyaorg, appActivity=.activity.MainActivity, noReset=false, newCommandTimeout=600, platformVersion=4.4, unicodeKeyboard=true, udid=192.168.230.101:5555, platformName=Android, deviceName=Android Emulator, resetKeyboard=true}, newCommandTimeout=600, platformVersion=4.4.4, webStorageEnabled=false, locationContextEnabled=false, browserName=Android, takesScreenshot=true, javascriptEnabled=true, unicodeKeyboard=true, udid=192.168.230.101:5555, platformName=Android, resetKeyboard=true}]
Session ID: 4bc59ec8-8c94-4f47-b3e6-dfdae689bb23
*** Element info: {Using=xpath, value=//div[@class='main']/span[@class='title']}
	at sun.reflect.NativeConstructorAccessorImpl.newInstance0(Native Method)
	at sun.reflect.NativeConstructorAccessorImpl.newInstance(Unknown Source)
	at sun.reflect.DelegatingConstructorAccessorImpl.newInstance(Unknown Source)
	at java.lang.reflect.Constructor.newInstance(Unknown Source)
	at org.openqa.selenium.remote.ErrorHandler.createThrowable(ErrorHandler.java:206)
	at org.openqa.selenium.remote.ErrorHandler.throwIfResponseFailed(ErrorHandler.java:158)
	at org.openqa.selenium.remote.RemoteWebDriver.execute(RemoteWebDriver.java:678)
	at io.appium.java_client.DefaultGenericMobileDriver.execute(DefaultGenericMobileDriver.java:51)
	at io.appium.java_client.AppiumDriver.execute(AppiumDriver.java:1)
	at io.appium.java_client.android.AndroidDriver.execute(AndroidDriver.java:1)
	at org.openqa.selenium.remote.RemoteWebDriver.findElement(RemoteWebDriver.java:363)
	at io.appium.java_client.DefaultGenericMobileDriver.findElement(DefaultGenericMobileDriver.java:67)
	at io.appium.java_client.AppiumDriver.findElement(AppiumDriver.java:1)
	at io.appium.java_client.android.AndroidDriver.findElement(AndroidDriver.java:1)
	at org.openqa.selenium.remote.RemoteWebDriver.findElementByXPath(RemoteWebDriver.java:500)
	at io.appium.java_client.DefaultGenericMobileDriver.findElementByXPath(DefaultGenericMobileDriver.java:145)
	at io.appium.java_client.AppiumDriver.findElementByXPath(AppiumDriver.java:1)
	at io.appium.java_client.android.AndroidDriver.findElementByXPath(AndroidDriver.java:1)
	at org.openqa.selenium.By$ByXPath.findElement(By.java:361)
	at org.openqa.selenium.remote.RemoteWebDriver.findElement(RemoteWebDriver.java:355)
	at io.appium.java_client.DefaultGenericMobileDriver.findElement(DefaultGenericMobileDriver.java:63)
	at io.appium.java_client.AppiumDriver.findElement(AppiumDriver.java:1)
	at io.appium.java_client.android.AndroidDriver.findElement(AndroidDriver.java:1)
	at com.youxue.page.StudyProgress.getPageTitle(StudyProgress.java:119)
	at com.youxue.test.LoginTest.loginYXViaWebDriver(LoginTest.java:65)
	at sun.reflect.NativeMethodAccessorImpl.invoke0(Native Method)
	at sun.reflect.NativeMethodAccessorImpl.invoke(Unknown Source)
	at sun.reflect.DelegatingMethodAccessorImpl.invoke(Unknown Source)
	at java.lang.reflect.Method.invoke(Unknown Source)
	at org.testng.internal.MethodInvocationHelper.invokeMethod(MethodInvocationHelper.java:85)
	at org.testng.internal.Invoker.invokeMethod(Invoker.java:639)
	at org.testng.internal.Invoker.invokeTestMethod(Invoker.java:816)
	at org.testng.internal.Invoker.invokeTestMethods(Invoker.java:1124)
	at org.testng.internal.TestMethodWorker.invokeTestMethods(TestMethodWorker.java:125)
	at org.testng.internal.TestMethodWorker.run(TestMethodWorker.java:108)
	at org.testng.TestRunner.privateRun(TestRunner.java:774)
	at org.testng.TestRunner.run(TestRunner.java:624)
	at org.testng.SuiteRunner.runTest(SuiteRunner.java:359)
	at org.testng.SuiteRunner.runSequentially(SuiteRunner.java:354)
	at org.testng.SuiteRunner.privateRun(SuiteRunner.java:312)
	at org.testng.SuiteRunner.run(SuiteRunner.java:261)
	at org.testng.SuiteRunnerWorker.runSuite(SuiteRunnerWorker.java:52)
	at org.testng.SuiteRunnerWorker.run(SuiteRunnerWorker.java:86)
	at org.testng.TestNG.runSuitesSequentially(TestNG.java:1215)
	at org.testng.TestNG.runSuitesSequentially(TestNG.java:1211)
	at org.testng.TestNG.runSuitesLocally(TestNG.java:1140)
	at org.testng.TestNG.run(TestNG.java:1048)
	at org.testng.remote.AbstractRemoteTestNG.run(AbstractRemoteTestNG.java:126)
	at org.testng.remote.RemoteTestNG.initAndRun(RemoteTestNG.java:137)
	at org.testng.remote.RemoteTestNG.main(RemoteTestNG.java:58)
]]>
            </full-stacktrace>
          </exception> <!-- org.openqa.selenium.NoSuchElementException -->
          <reporter-output>
          </reporter-output>
        </test-method> <!-- loginYXViaWebDriver -->
        <test-method status="PASS" signature="afterTest()[pri:0, instance:com.youxue.test.LoginTest@49b0b76]" name="afterTest" is-config="true" duration-ms="1644" started-at="2016-11-28T11:41:42Z" finished-at="2016-11-28T11:41:44Z">
          <reporter-output>
          </reporter-output>
        </test-method> <!-- afterTest -->
      </class> <!-- com.youxue.test.LoginTest -->
    </test> <!-- loginYXViaWebDriver -->
  </suite> <!-- login_suite -->
</testng-results>
